[1m============================= test session starts =============================[0m
platform win32 -- Python 3.13.7, pytest-8.4.2, pluggy-1.6.0 -- C:\Python313\python.exe
cachedir: .pytest_cache
rootdir: D:\drive_files\10.worksfree\10.rpa
configfile: pytest.ini
[1mcollecting ... [0mcollected 112 items / 5 errors

=================================== ERRORS ====================================
[31m[1m_ ERROR collecting 90.tests/30.apps/bom_exporter/test_consecutive_timeout_recovery.py _[0m
[31mC:\Users\HP\AppData\Roaming\Python\Python313\site-packages\_pytest\python.py:498: in importtestmodule
    mod = import_path(
C:\Users\HP\AppData\Roaming\Python\Python313\site-packages\_pytest\pathlib.py:587: in import_path
    importlib.import_module(module_name)
C:\Python313\Lib\importlib\__init__.py:88: in import_module
    return _bootstrap._gcd_import(name[level:], package, level)
           ^^^^^^^^^^^^^^^^^^^^^^^^^^^^^^^^^^^^^^^^^^^^^^^^^^^^
<frozen importlib._bootstrap>:1387: in _gcd_import
    ???
<frozen importlib._bootstrap>:1360: in _find_and_load
    ???
<frozen importlib._bootstrap>:1331: in _find_and_load_unlocked
    ???
<frozen importlib._bootstrap>:935: in _load_unlocked
    ???
C:\Users\HP\AppData\Roaming\Python\Python313\site-packages\_pytest\assertion\rewrite.py:177: in exec_module
    source_stat, co = _rewrite_test(fn, self.config)
                      ^^^^^^^^^^^^^^^^^^^^^^^^^^^^^^
C:\Users\HP\AppData\Roaming\Python\Python313\site-packages\_pytest\assertion\rewrite.py:357: in _rewrite_test
    tree = ast.parse(source, filename=strfn)
           ^^^^^^^^^^^^^^^^^^^^^^^^^^^^^^^^^
C:\Python313\Lib\ast.py:50: in parse
    return compile(source, filename, mode, flags,
E     File "D:\drive_files\10.worksfree\10.rpa\90.tests\30.apps\bom_exporter\test_consecutive_timeout_recovery.py", line 15
E       Bom Exporter_path = os.path.join(project_root, "30.apps", "bom_exporter")
E           ^^^^^^^^^^^^^
E   SyntaxError: invalid syntax[0m
[31m[1m____ ERROR collecting 90.tests/50.data/dwg_classifier/test_integration.py _____[0m
[31mimport file mismatch:
imported module 'test_integration' has this __file__ attribute:
  D:\drive_files\10.worksfree\10.rpa\90.tests\30.apps\bom_exporter\test_integration.py
which is not the same as the test file we want to collect:
  D:\drive_files\10.worksfree\10.rpa\90.tests\50.data\dwg_classifier\test_integration.py
HINT: remove __pycache__ / .pyc files and/or use a unique basename for your test file modules[0m
[31m[1m_ ERROR collecting 90.tests/50.data/korean_filename_normalizer/test_ui_automation.py _[0m
[31mImportError while importing test module 'D:\drive_files\10.worksfree\10.rpa\90.tests\50.data\korean_filename_normalizer\test_ui_automation.py'.
Hint: make sure your test modules/packages have valid Python names.
Traceback:
C:\Users\HP\AppData\Roaming\Python\Python313\site-packages\_pytest\python.py:498: in importtestmodule
    mod = import_path(
C:\Users\HP\AppData\Roaming\Python\Python313\site-packages\_pytest\pathlib.py:587: in import_path
    importlib.import_module(module_name)
C:\Python313\Lib\importlib\__init__.py:88: in import_module
    return _bootstrap._gcd_import(name[level:], package, level)
           ^^^^^^^^^^^^^^^^^^^^^^^^^^^^^^^^^^^^^^^^^^^^^^^^^^^^
<frozen importlib._bootstrap>:1387: in _gcd_import
    ???
<frozen importlib._bootstrap>:1360: in _find_and_load
    ???
<frozen importlib._bootstrap>:1331: in _find_and_load_unlocked
    ???
<frozen importlib._bootstrap>:935: in _load_unlocked
    ???
C:\Users\HP\AppData\Roaming\Python\Python313\site-packages\_pytest\assertion\rewrite.py:186: in exec_module
    exec(co, module.__dict__)
..\50.data\korean_filename_normalizer\test_ui_automation.py:26: in <module>
    from ui_main import KoreanFilenameNormalizerApp
E   ImportError: cannot import name 'KoreanFilenameNormalizerApp' from 'ui_main' (D:\drive_files\10.worksfree\10.rpa\90.tests\30.apps\bom_exporter\..\..\..\30.apps\Bom_Exporter\ui_main.py)[0m
[31m[1m______________ ERROR collecting 90.tests/test_policy_loading.py _______________[0m
[31mimport file mismatch:
imported module 'test_policy_loading' has this __file__ attribute:
  D:\drive_files\10.worksfree\10.rpa\90.tests\30.apps\bom_exporter\test_policy_loading.py
which is not the same as the test file we want to collect:
  D:\drive_files\10.worksfree\10.rpa\90.tests\test_policy_loading.py
HINT: remove __pycache__ / .pyc files and/or use a unique basename for your test file modules[0m
[31m[1m_______________ ERROR collecting 90.tests/test_save_policies.py _______________[0m
[1m[31mC:\Python313\Lib\importlib\__init__.py[0m:88: in import_module
    [0m[94mreturn[39;49;00m _bootstrap._gcd_import(name[level:], package, level)[90m[39;49;00m
           ^^^^^^^^^^^^^^^^^^^^^^^^^^^^^^^^^^^^^^^^^^^^^^^^^^^^[90m[39;49;00m
[1m[31m<frozen importlib._bootstrap>[0m:1387: in _gcd_import
    [0m[04m[91m?[39;49;00m[04m[91m?[39;49;00m[04m[91m?[39;49;00m[90m[39;49;00m
[1m[31m<frozen importlib._bootstrap>[0m:1360: in _find_and_load
    [0m[04m[91m?[39;49;00m[04m[91m?[39;49;00m[04m[91m?[39;49;00m[90m[39;49;00m
[1m[31m<frozen importlib._bootstrap>[0m:1331: in _find_and_load_unlocked
    [0m[04m[91m?[39;49;00m[04m[91m?[39;49;00m[04m[91m?[39;49;00m[90m[39;49;00m
[1m[31m<frozen importlib._bootstrap>[0m:935: in _load_unlocked
    [0m[04m[91m?[39;49;00m[04m[91m?[39;49;00m[04m[91m?[39;49;00m[90m[39;49;00m
[1m[31mC:\Users\HP\AppData\Roaming\Python\Python313\site-packages\_pytest\assertion\rewrite.py[0m:186: in exec_module
    [0mexec(co, module.[91m__dict__[39;49;00m)[90m[39;49;00m
[1m[31md:\drive_files\10.worksfree\10.rpa\90.tests\test_save_policies.py[0m:24: in <module>
    [0m[96mprint[39;49;00m([33mf[39;49;00m[33m"[39;49;00m[33mpolicy_file: [39;49;00m[33m{[39;49;00mwf_manager.policy_file[33m}[39;49;00m[33m"[39;49;00m)[90m[39;49;00m
                          ^^^^^^^^^^^^^^^^^^^^^^[90m[39;49;00m
[1m[31mE   AttributeError: 'WorksFreeManager' object has no attribute 'policy_file'[0m
------------------------------- Captured stderr -------------------------------
12:18:23 - wf_creditmanager_simple - DEBUG - [DEV] 개발 환경 감지: C:\Users\HP\AppData\Roaming\Python\Python313\site-packages\pytest\config
12:18:23 - wf_creditmanager_simple - DEBUG - [DEV] 개발 모드 - 숨김 처리 생략: C:\Users\HP\AppData\Roaming\Python\Python313\site-packages\pytest\config
[36m[1m=========================== short test summary info ===========================[0m
[31mERROR[0m 90.tests/30.apps/bom_exporter/test_consecutive_timeout_recovery.py
[31mERROR[0m 90.tests/50.data/dwg_classifier/test_integration.py
[31mERROR[0m 90.tests/50.data/korean_filename_normalizer/test_ui_automation.py
[31mERROR[0m 90.tests/test_policy_loading.py
[31mERROR[0m 90.tests/test_save_policies.py - AttributeError: 'WorksFreeManager' object has no attribute 'policy_file'
!!!!!!!!!!!!!!!!!!! Interrupted: 5 errors during collection !!!!!!!!!!!!!!!!!!!
[31m============================== [31m[1m5 errors[0m[31m in 2.50s[0m[31m ==============================[0m
